make RIOT_CI_BUILD=1 CC_NOCOLOR=1 --no-print-directory -C /home/harter/work/git/RIOT_release/tests/driver_my9221 flash-only test
true 
tests/01-run.py
/home/harter/work/git/RIOT_release/tests/driver_my9221/bin/native/tests_driver_my9221.elf   
RIOT native interrupts/signals initialized.
LED_RED_OFF
LED_GREEN_ON
RIOT native board initialized.
RIOT native hardware initialization complete.

main(): This is RIOT! (Version: buildtest)
[START]
- light up all LEDs one by one.
drivers/my9221/my9221.c:124 => 0x8049b6a
*** RIOT kernel panic:
FAILED ASSERTION.

*** halted.


native: exiting
Unexpected end of file in expect script at "child.expect_exact("[SUCCESS]", timeout=60)" (tests/driver_my9221/tests/01-run.py:15)

Process already stopped
Makefile:19: recipe for target 'test' failed
make: *** [test] Error 1

Return value: 2
